Грамматика

    0 $accept: pro $end

    1 pro: opr tel oen

    2 tel: dec imp

    3 dec: odc
    4    | dec odc

    5 odc: odi
    6    | odr

    7 odi: DCL ipe BIN FIXED '(' rzr ')' INIT '(' lit ')' ';'
    8    | DCL ipe CHAR '(' rzr ')' INIT '(' rzr ')' ';'
    9    | DCL ipe BIT '(' rzr ')' ';'

   10 odr: DCL ipe BIN FIXED '(' rzr ')' ';'

   11 ipe: IDENT

   12 rzr: NUM

   13 lit: NUM

   14 opr: IDENT ':' PROC OPTIONS '(' MAIN ')' ';'

   15 oen: END IDENT ';'

   16 imp: opa
   17    | imp opa

   18 opa: ipe '=' avi ';'

   19 avi: lit
   20    | ipe
   21    | avi ZNK lit
   22    | avi ZNK ipe
   23    | avi '|' '|' ipe


Терминальные символы с правилами, в которых они появляются

$end (0) 0
'(' (40) 7 8 9 10 14
')' (41) 7 8 9 10 14
':' (58) 14
';' (59) 7 8 9 10 14 15 18
'=' (61) 18
'|' (124) 23
error (256)
IDENT (258) 11 14 15
PROC (259) 14
OPTIONS (260) 14
MAIN (261) 14
END (262) 15
DCL (263) 7 8 9 10
BIN (264) 7 10
FIXED (265) 7 10
NUM (266) 12 13
INIT (267) 7 8
CHAR (268) 8
BIT (269) 9
ZNK (270) 21 22


Нетерминальные символы с правилами, в которых они появляются

$accept (22)
    налево: 0
pro (23)
    налево: 1, направо: 0
tel (24)
    налево: 2, направо: 1
dec (25)
    налево: 3 4, направо: 2 4
odc (26)
    налево: 5 6, направо: 3 4
odi (27)
    налево: 7 8 9, направо: 5
odr (28)
    налево: 10, направо: 6
ipe (29)
    налево: 11, направо: 7 8 9 10 18 20 22 23
rzr (30)
    налево: 12, направо: 7 8 9 10
lit (31)
    налево: 13, направо: 7 19 21
opr (32)
    налево: 14, направо: 1
oen (33)
    налево: 15, направо: 1
imp (34)
    налево: 16 17, направо: 2 17
opa (35)
    налево: 18, направо: 16 17
avi (36)
    налево: 19 20 21 22 23, направо: 18 21 22 23


Состояние 0

    0 $accept: . pro $end

    IDENT  сдвиг, и переход в состояние 1

    pro  переход в состояние 2
    opr  переход в состояние 3


Состояние 1

   14 opr: IDENT . ':' PROC OPTIONS '(' MAIN ')' ';'

    ':'  сдвиг, и переход в состояние 4


Состояние 2

    0 $accept: pro . $end

    $end  сдвиг, и переход в состояние 5


Состояние 3

    1 pro: opr . tel oen

    DCL  сдвиг, и переход в состояние 6

    tel  переход в состояние 7
    dec  переход в состояние 8
    odc  переход в состояние 9
    odi  переход в состояние 10
    odr  переход в состояние 11


Состояние 4

   14 opr: IDENT ':' . PROC OPTIONS '(' MAIN ')' ';'

    PROC  сдвиг, и переход в состояние 12


Состояние 5

    0 $accept: pro $end .

    $default  принять


Состояние 6

    7 odi: DCL . ipe BIN FIXED '(' rzr ')' INIT '(' lit ')' ';'
    8    | DCL . ipe CHAR '(' rzr ')' INIT '(' rzr ')' ';'
    9    | DCL . ipe BIT '(' rzr ')' ';'
   10 odr: DCL . ipe BIN FIXED '(' rzr ')' ';'

    IDENT  сдвиг, и переход в состояние 13

    ipe  переход в состояние 14


Состояние 7

    1 pro: opr tel . oen

    END  сдвиг, и переход в состояние 15

    oen  переход в состояние 16


Состояние 8

    2 tel: dec . imp
    4 dec: dec . odc

    IDENT  сдвиг, и переход в состояние 13
    DCL    сдвиг, и переход в состояние 6

    odc  переход в состояние 17
    odi  переход в состояние 10
    odr  переход в состояние 11
    ipe  переход в состояние 18
    imp  переход в состояние 19
    opa  переход в состояние 20


Состояние 9

    3 dec: odc .

    $default  вывод с использованием правила 3 (dec)


Состояние 10

    5 odc: odi .

    $default  вывод с использованием правила 5 (odc)


Состояние 11

    6 odc: odr .

    $default  вывод с использованием правила 6 (odc)


Состояние 12

   14 opr: IDENT ':' PROC . OPTIONS '(' MAIN ')' ';'

    OPTIONS  сдвиг, и переход в состояние 21


Состояние 13

   11 ipe: IDENT .

    $default  вывод с использованием правила 11 (ipe)


Состояние 14

    7 odi: DCL ipe . BIN FIXED '(' rzr ')' INIT '(' lit ')' ';'
    8    | DCL ipe . CHAR '(' rzr ')' INIT '(' rzr ')' ';'
    9    | DCL ipe . BIT '(' rzr ')' ';'
   10 odr: DCL ipe . BIN FIXED '(' rzr ')' ';'

    BIN   сдвиг, и переход в состояние 22
    CHAR  сдвиг, и переход в состояние 23
    BIT   сдвиг, и переход в состояние 24


Состояние 15

   15 oen: END . IDENT ';'

    IDENT  сдвиг, и переход в состояние 25


Состояние 16

    1 pro: opr tel oen .

    $default  вывод с использованием правила 1 (pro)


Состояние 17

    4 dec: dec odc .

    $default  вывод с использованием правила 4 (dec)


Состояние 18

   18 opa: ipe . '=' avi ';'

    '='  сдвиг, и переход в состояние 26


Состояние 19

    2 tel: dec imp .
   17 imp: imp . opa

    IDENT  сдвиг, и переход в состояние 13

    $default  вывод с использованием правила 2 (tel)

    ipe  переход в состояние 18
    opa  переход в состояние 27


Состояние 20

   16 imp: opa .

    $default  вывод с использованием правила 16 (imp)


Состояние 21

   14 opr: IDENT ':' PROC OPTIONS . '(' MAIN ')' ';'

    '('  сдвиг, и переход в состояние 28


Состояние 22

    7 odi: DCL ipe BIN . FIXED '(' rzr ')' INIT '(' lit ')' ';'
   10 odr: DCL ipe BIN . FIXED '(' rzr ')' ';'

    FIXED  сдвиг, и переход в состояние 29


Состояние 23

    8 odi: DCL ipe CHAR . '(' rzr ')' INIT '(' rzr ')' ';'

    '('  сдвиг, и переход в состояние 30


Состояние 24

    9 odi: DCL ipe BIT . '(' rzr ')' ';'

    '('  сдвиг, и переход в состояние 31


Состояние 25

   15 oen: END IDENT . ';'

    ';'  сдвиг, и переход в состояние 32


Состояние 26

   18 opa: ipe '=' . avi ';'

    IDENT  сдвиг, и переход в состояние 13
    NUM    сдвиг, и переход в состояние 33

    ipe  переход в состояние 34
    lit  переход в состояние 35
    avi  переход в состояние 36


Состояние 27

   17 imp: imp opa .

    $default  вывод с использованием правила 17 (imp)


Состояние 28

   14 opr: IDENT ':' PROC OPTIONS '(' . MAIN ')' ';'

    MAIN  сдвиг, и переход в состояние 37


Состояние 29

    7 odi: DCL ipe BIN FIXED . '(' rzr ')' INIT '(' lit ')' ';'
   10 odr: DCL ipe BIN FIXED . '(' rzr ')' ';'

    '('  сдвиг, и переход в состояние 38


Состояние 30

    8 odi: DCL ipe CHAR '(' . rzr ')' INIT '(' rzr ')' ';'

    NUM  сдвиг, и переход в состояние 39

    rzr  переход в состояние 40


Состояние 31

    9 odi: DCL ipe BIT '(' . rzr ')' ';'

    NUM  сдвиг, и переход в состояние 39

    rzr  переход в состояние 41


Состояние 32

   15 oen: END IDENT ';' .

    $default  вывод с использованием правила 15 (oen)


Состояние 33

   13 lit: NUM .

    $default  вывод с использованием правила 13 (lit)


Состояние 34

   20 avi: ipe .

    $default  вывод с использованием правила 20 (avi)


Состояние 35

   19 avi: lit .

    $default  вывод с использованием правила 19 (avi)


Состояние 36

   18 opa: ipe '=' avi . ';'
   21 avi: avi . ZNK lit
   22    | avi . ZNK ipe
   23    | avi . '|' '|' ipe

    ZNK  сдвиг, и переход в состояние 42
    ';'  сдвиг, и переход в состояние 43
    '|'  сдвиг, и переход в состояние 44


Состояние 37

   14 opr: IDENT ':' PROC OPTIONS '(' MAIN . ')' ';'

    ')'  сдвиг, и переход в состояние 45


Состояние 38

    7 odi: DCL ipe BIN FIXED '(' . rzr ')' INIT '(' lit ')' ';'
   10 odr: DCL ipe BIN FIXED '(' . rzr ')' ';'

    NUM  сдвиг, и переход в состояние 39

    rzr  переход в состояние 46


Состояние 39

   12 rzr: NUM .

    $default  вывод с использованием правила 12 (rzr)


Состояние 40

    8 odi: DCL ipe CHAR '(' rzr . ')' INIT '(' rzr ')' ';'

    ')'  сдвиг, и переход в состояние 47


Состояние 41

    9 odi: DCL ipe BIT '(' rzr . ')' ';'

    ')'  сдвиг, и переход в состояние 48


Состояние 42

   21 avi: avi ZNK . lit
   22    | avi ZNK . ipe

    IDENT  сдвиг, и переход в состояние 13
    NUM    сдвиг, и переход в состояние 33

    ipe  переход в состояние 49
    lit  переход в состояние 50


Состояние 43

   18 opa: ipe '=' avi ';' .

    $default  вывод с использованием правила 18 (opa)


Состояние 44

   23 avi: avi '|' . '|' ipe

    '|'  сдвиг, и переход в состояние 51


Состояние 45

   14 opr: IDENT ':' PROC OPTIONS '(' MAIN ')' . ';'

    ';'  сдвиг, и переход в состояние 52


Состояние 46

    7 odi: DCL ipe BIN FIXED '(' rzr . ')' INIT '(' lit ')' ';'
   10 odr: DCL ipe BIN FIXED '(' rzr . ')' ';'

    ')'  сдвиг, и переход в состояние 53


Состояние 47

    8 odi: DCL ipe CHAR '(' rzr ')' . INIT '(' rzr ')' ';'

    INIT  сдвиг, и переход в состояние 54


Состояние 48

    9 odi: DCL ipe BIT '(' rzr ')' . ';'

    ';'  сдвиг, и переход в состояние 55


Состояние 49

   22 avi: avi ZNK ipe .

    $default  вывод с использованием правила 22 (avi)


Состояние 50

   21 avi: avi ZNK lit .

    $default  вывод с использованием правила 21 (avi)


Состояние 51

   23 avi: avi '|' '|' . ipe

    IDENT  сдвиг, и переход в состояние 13

    ipe  переход в состояние 56


Состояние 52

   14 opr: IDENT ':' PROC OPTIONS '(' MAIN ')' ';' .

    $default  вывод с использованием правила 14 (opr)


Состояние 53

    7 odi: DCL ipe BIN FIXED '(' rzr ')' . INIT '(' lit ')' ';'
   10 odr: DCL ipe BIN FIXED '(' rzr ')' . ';'

    INIT  сдвиг, и переход в состояние 57
    ';'   сдвиг, и переход в состояние 58


Состояние 54

    8 odi: DCL ipe CHAR '(' rzr ')' INIT . '(' rzr ')' ';'

    '('  сдвиг, и переход в состояние 59


Состояние 55

    9 odi: DCL ipe BIT '(' rzr ')' ';' .

    $default  вывод с использованием правила 9 (odi)


Состояние 56

   23 avi: avi '|' '|' ipe .

    $default  вывод с использованием правила 23 (avi)


Состояние 57

    7 odi: DCL ipe BIN FIXED '(' rzr ')' INIT . '(' lit ')' ';'

    '('  сдвиг, и переход в состояние 60


Состояние 58

   10 odr: DCL ipe BIN FIXED '(' rzr ')' ';' .

    $default  вывод с использованием правила 10 (odr)


Состояние 59

    8 odi: DCL ipe CHAR '(' rzr ')' INIT '(' . rzr ')' ';'

    NUM  сдвиг, и переход в состояние 39

    rzr  переход в состояние 61


Состояние 60

    7 odi: DCL ipe BIN FIXED '(' rzr ')' INIT '(' . lit ')' ';'

    NUM  сдвиг, и переход в состояние 33

    lit  переход в состояние 62


Состояние 61

    8 odi: DCL ipe CHAR '(' rzr ')' INIT '(' rzr . ')' ';'

    ')'  сдвиг, и переход в состояние 63


Состояние 62

    7 odi: DCL ipe BIN FIXED '(' rzr ')' INIT '(' lit . ')' ';'

    ')'  сдвиг, и переход в состояние 64


Состояние 63

    8 odi: DCL ipe CHAR '(' rzr ')' INIT '(' rzr ')' . ';'

    ';'  сдвиг, и переход в состояние 65


Состояние 64

    7 odi: DCL ipe BIN FIXED '(' rzr ')' INIT '(' lit ')' . ';'

    ';'  сдвиг, и переход в состояние 66


Состояние 65

    8 odi: DCL ipe CHAR '(' rzr ')' INIT '(' rzr ')' ';' .

    $default  вывод с использованием правила 8 (odi)


Состояние 66

    7 odi: DCL ipe BIN FIXED '(' rzr ')' INIT '(' lit ')' ';' .

    $default  вывод с использованием правила 7 (odi)
